SpeechBrain system description
==============================
Python version:
3.9.13 (main, Aug 25 2022, 23:26:10) 
[GCC 11.2.0]
==============================
Installed Python packages:
appdirs==1.4.4
asttokens @ file:///opt/conda/conda-bld/asttokens_1646925590279/work
attrs==22.1.0
autopep8==1.7.0
backcall @ file:///home/ktietz/src/ci/backcall_1611930011877/work
black==19.10b0
Bottleneck @ file:///opt/conda/conda-bld/bottleneck_1657175564434/work
brotlipy==0.7.0
certifi @ file:///opt/conda/conda-bld/certifi_1663615672595/work/certifi
cffi @ file:///tmp/abs_98z5h56wf8/croots/recipe/cffi_1659598650955/work
cfgv==3.3.1
charset-normalizer @ file:///tmp/build/80754af9/charset-normalizer_1630003229654/work
click==8.0.4
cryptography @ file:///tmp/build/80754af9/cryptography_1652101588893/work
ctc-segmentation==1.7.3
Cython @ file:///opt/conda/conda-bld/cython_1656941947712/work
debugpy @ file:///tmp/build/80754af9/debugpy_1637091799509/work
decorator @ file:///opt/conda/conda-bld/decorator_1643638310831/work
distlib==0.3.6
entrypoints @ file:///tmp/build/80754af9/entrypoints_1649926439650/work
executing @ file:///opt/conda/conda-bld/executing_1646925071911/work
filelock==3.8.0
flake8==3.7.9
huggingface-hub==0.9.1
HyperPyYAML==1.0.1
identify==2.5.5
idna @ file:///tmp/build/80754af9/idna_1637925883363/work
ipykernel @ file:///opt/conda/conda-bld/ipykernel_1662361798230/work
ipython @ file:///opt/conda/conda-bld/ipython_1657652213665/work
jedi @ file:///tmp/build/80754af9/jedi_1644297102865/work
joblib==1.2.0
jupyter-core @ file:///opt/conda/conda-bld/jupyter_core_1651671229925/work
jupyter_client @ file:///opt/conda/conda-bld/jupyter_client_1662504365333/work
matplotlib-inline @ file:///opt/conda/conda-bld/matplotlib-inline_1662014470464/work
mccabe==0.6.1
mkl-fft==1.3.1
mkl-random @ file:///tmp/build/80754af9/mkl_random_1626186066731/work
mkl-service==2.4.0
more-itertools==8.14.0
nest-asyncio @ file:///tmp/build/80754af9/nest-asyncio_1649847906199/work
nodeenv==1.7.0
numexpr @ file:///opt/conda/conda-bld/numexpr_1656940300424/work
numpy==1.23.3
packaging @ file:///tmp/build/80754af9/packaging_1637314298585/work
pandas==1.4.4
parso @ file:///opt/conda/conda-bld/parso_1641458642106/work
pathspec==0.10.1
pexpect @ file:///tmp/build/80754af9/pexpect_1605563209008/work
pickleshare @ file:///tmp/build/80754af9/pickleshare_1606932040724/work
Pillow==9.2.0
platformdirs==2.5.2
pluggy==0.13.1
pre-commit==2.20.0
prompt-toolkit @ file:///tmp/build/80754af9/prompt-toolkit_1633440160888/work
psutil @ file:///opt/conda/conda-bld/psutil_1656431268089/work
ptyprocess @ file:///tmp/build/80754af9/ptyprocess_1609355006118/work/dist/ptyprocess-0.7.0-py2.py3-none-any.whl
pure-eval @ file:///opt/conda/conda-bld/pure_eval_1646925070566/work
py==1.11.0
pycodestyle==2.9.1
pycparser @ file:///tmp/build/80754af9/pycparser_1636541352034/work
pydub==0.25.1
pyflakes==2.1.1
Pygments @ file:///opt/conda/conda-bld/pygments_1644249106324/work
pyOpenSSL @ file:///opt/conda/conda-bld/pyopenssl_1643788558760/work
pyparsing @ file:///opt/conda/conda-bld/pyparsing_1661452539315/work
PySocks @ file:///tmp/build/80754af9/pysocks_1605305812635/work
pytest==5.4.1
python-dateutil @ file:///tmp/build/80754af9/python-dateutil_1626374649649/work
pytz @ file:///opt/conda/conda-bld/pytz_1654762638606/work
PyYAML==6.0
pyzmq @ file:///opt/conda/conda-bld/pyzmq_1657724186960/work
regex==2022.9.13
requests @ file:///opt/conda/conda-bld/requests_1657734628632/work
ruamel.yaml==0.17.21
ruamel.yaml.clib==0.2.6
scipy==1.8.1
sentencepiece==0.1.97
six @ file:///tmp/build/80754af9/six_1644875935023/work
-e git+https://github.com/speechbrain/speechbrain.git@d78c00eca113c9f013f2eee4d05947adc1b32ccb#egg=speechbrain
sphfile==1.0.3
stack-data @ file:///opt/conda/conda-bld/stack_data_1646927590127/work
toml==0.10.2
torch==1.12.1
torchaudio==0.12.1
torchvision==0.13.1
tornado @ file:///opt/conda/conda-bld/tornado_1662061693373/work
tqdm==4.64.1
traitlets @ file:///tmp/build/80754af9/traitlets_1636710298902/work
typed-ast==1.5.4
typing_extensions @ file:///tmp/abs_ben9emwtky/croots/recipe/typing_extensions_1659638822008/work
urllib3==1.26.12
virtualenv==20.16.5
wcwidth @ file:///Users/ktietz/demo/mc3/conda-bld/wcwidth_1629357192024/work
yamllint==1.23.0
==============================
Git revision:
f808e09
==============================
CUDA version:
11.6